Started by user [8mha:////4E0DttnetQPCU74bwnB1DiQ6yXBLrJ70W0UwEHMgd1bQAAAAlx+LCAAAAAAAAP9b85aBtbiIQTGjNKU4P08vOT+vOD8nVc83PyU1x6OyILUoJzMv2y+/JJUBAhiZGBgqihhk0NSjKDWzXb3RdlLBUSYGJk8GtpzUvPSSDB8G5tKinBIGIZ+sxLJE/ZzEvHT94JKizLx0a6BxUmjGOUNodHsLgAzeEgZu/dLi1CL9xJTczDwACG0V4sAAAAA=[0madministrator
Running as SYSTEM
Building in workspace /var/lib/jenkins/workspace/codecoverage
The recommended git tool is: NONE
No credentials specified
 > git rev-parse --resolve-git-dir /var/lib/jenkins/workspace/codecoverage/.git # timeout=10
Fetching changes from the remote Git repository
 > git config remote.origin.url https://github.com/lerndevops/samplejavaapp # timeout=10
Fetching upstream changes from https://github.com/lerndevops/samplejavaapp
 > git --version # timeout=10
 > git --version # 'git version 2.17.1'
 > git fetch --tags --progress -- https://github.com/lerndevops/samplejavaapp +refs/heads/*:refs/remotes/origin/* # timeout=10
 > git rev-parse refs/remotes/origin/master^{commit} # timeout=10
Checking out Revision 000c3424bc0b1747d08cc0fd7268f9d608143661 (refs/remotes/origin/master)
 > git config core.sparsecheckout # timeout=10
 > git checkout -f 000c3424bc0b1747d08cc0fd7268f9d608143661 # timeout=10
Commit message: "Update README.md"
 > git rev-list --no-walk 000c3424bc0b1747d08cc0fd7268f9d608143661 # timeout=10
[codecoverage] $ /opt/maven/bin/mvn cobertura:cobertura -Dcobertura.report.format=xml
[INFO] Scanning for projects...
Downloading from maven-default-http-blocker: http://0.0.0.0/org/codehaus/mojo/maven-metadata.xml
Downloading from maven-default-http-blocker: http://0.0.0.0/org/apache/maven/plugins/maven-metadata.xml
[8mha:////4FPMKbt6R7MzU7Mlx8QF7ocbuY+VbCsf0KHvDEx0A9kRAAAAYh+LCAAAAAAAAP9b85aBtbiIQSWjNKU4P0+vJLE4u1gvPjexLDVPzxdEhicW5WXmpfvll6SeOJwgmrt9CSsTA0NFEYMUVEtyfl5xfk6qnjOEBilkgABGkMICAEQzmI1iAAAA[0m[WARNING] Could not transfer metadata org.apache.maven.plugins/maven-metadata.xml from/to maven-default-http-blocker (http://0.0.0.0/): transfer failed for http://0.0.0.0/org/apache/maven/plugins/maven-metadata.xml
[8mha:////4FPMKbt6R7MzU7Mlx8QF7ocbuY+VbCsf0KHvDEx0A9kRAAAAYh+LCAAAAAAAAP9b85aBtbiIQSWjNKU4P0+vJLE4u1gvPjexLDVPzxdEhicW5WXmpfvll6SeOJwgmrt9CSsTA0NFEYMUVEtyfl5xfk6qnjOEBilkgABGkMICAEQzmI1iAAAA[0m[WARNING] Could not transfer metadata org.codehaus.mojo/maven-metadata.xml from/to maven-default-http-blocker (http://0.0.0.0/): transfer failed for http://0.0.0.0/org/codehaus/mojo/maven-metadata.xml
Downloading from maven-default-http-blocker: http://0.0.0.0/org/codehaus/mojo/cobertura-maven-plugin/maven-metadata.xml
[8mha:////4FPMKbt6R7MzU7Mlx8QF7ocbuY+VbCsf0KHvDEx0A9kRAAAAYh+LCAAAAAAAAP9b85aBtbiIQSWjNKU4P0+vJLE4u1gvPjexLDVPzxdEhicW5WXmpfvll6SeOJwgmrt9CSsTA0NFEYMUVEtyfl5xfk6qnjOEBilkgABGkMICAEQzmI1iAAAA[0m[WARNING] Could not transfer metadata org.codehaus.mojo:cobertura-maven-plugin/maven-metadata.xml from/to maven-default-http-blocker (http://0.0.0.0/): transfer failed for http://0.0.0.0/org/codehaus/mojo/cobertura-maven-plugin/maven-metadata.xml
[INFO] 
[INFO] -----------------< com.devopsdemo.tutorial:sampleapp >------------------
[INFO] Building Vaadin Sampleapp example 2.0
[INFO] --------------------------------[ war ]---------------------------------
[8mha:////4FPMKbt6R7MzU7Mlx8QF7ocbuY+VbCsf0KHvDEx0A9kRAAAAYh+LCAAAAAAAAP9b85aBtbiIQSWjNKU4P0+vJLE4u1gvPjexLDVPzxdEhicW5WXmpfvll6SeOJwgmrt9CSsTA0NFEYMUVEtyfl5xfk6qnjOEBilkgABGkMICAEQzmI1iAAAA[0m[WARNING] org.apache.maven.plugins/maven-metadata.xmlfailed to transfer from http://0.0.0.0/ during a previous attempt. This failure was cached in the local repository and resolution will not be reattempted until the update interval of maven-default-http-blocker has elapsed or updates are forced. Original error: Could not transfer metadata org.apache.maven.plugins/maven-metadata.xml from/to maven-default-http-blocker (http://0.0.0.0/): transfer failed for http://0.0.0.0/org/apache/maven/plugins/maven-metadata.xml
[8mha:////4FPMKbt6R7MzU7Mlx8QF7ocbuY+VbCsf0KHvDEx0A9kRAAAAYh+LCAAAAAAAAP9b85aBtbiIQSWjNKU4P0+vJLE4u1gvPjexLDVPzxdEhicW5WXmpfvll6SeOJwgmrt9CSsTA0NFEYMUVEtyfl5xfk6qnjOEBilkgABGkMICAEQzmI1iAAAA[0m[WARNING] org.codehaus.mojo/maven-metadata.xmlfailed to transfer from http://0.0.0.0/ during a previous attempt. This failure was cached in the local repository and resolution will not be reattempted until the update interval of maven-default-http-blocker has elapsed or updates are forced. Original error: Could not transfer metadata org.codehaus.mojo/maven-metadata.xml from/to maven-default-http-blocker (http://0.0.0.0/): transfer failed for http://0.0.0.0/org/codehaus/mojo/maven-metadata.xml
[INFO] 
[INFO] >>> cobertura-maven-plugin:2.7:cobertura (default-cli) > [cobertura]test @ sampleapp >>>
[INFO] 
[8mha:////4NeYFZy6FcqGO/ks/7xsFBAwviom9zJvVVw+oOL5letKAAAAYB+LCAAAAAAAAP9b85aBtbiIQSmjNKU4P0+vJLE4u1gvPjexLDVPzxdEGvvmZ+X75Zek2mxOX+vh68DGxMBQUcQgBdWQnJ9XnJ+TqucMoUEKGSCAEaSwAAAn9LoiYAAAAA==[0m[INFO] --- maven-enforcer-plugin:1.0:enforce (enforce-versions) @ sampleapp ---
[INFO] 
[8mha:////4NeYFZy6FcqGO/ks/7xsFBAwviom9zJvVVw+oOL5letKAAAAYB+LCAAAAAAAAP9b85aBtbiIQSmjNKU4P0+vJLE4u1gvPjexLDVPzxdEGvvmZ+X75Zek2mxOX+vh68DGxMBQUcQgBdWQnJ9XnJ+TqucMoUEKGSCAEaSwAAAn9LoiYAAAAA==[0m[INFO] --- jacoco-maven-plugin:0.8.6:prepare-agent (default) @ sampleapp ---
[INFO] argLine set to -javaagent:/var/lib/jenkins/.m2/repository/org/jacoco/org.jacoco.agent/0.8.6/org.jacoco.agent-0.8.6-runtime.jar=destfile=/var/lib/jenkins/workspace/codecoverage/target/jacoco.exec
[INFO] 
[8mha:////4NeYFZy6FcqGO/ks/7xsFBAwviom9zJvVVw+oOL5letKAAAAYB+LCAAAAAAAAP9b85aBtbiIQSmjNKU4P0+vJLE4u1gvPjexLDVPzxdEGvvmZ+X75Zek2mxOX+vh68DGxMBQUcQgBdWQnJ9XnJ+TqucMoUEKGSCAEaSwAAAn9LoiYAAAAA==[0m[INFO] --- maven-resources-plugin:2.6:resources (default-resources) @ sampleapp ---
[INFO] Using 'UTF-8' encoding to copy filtered resources.
[INFO] skip non existing resourceDirectory /var/lib/jenkins/workspace/codecoverage/src/main/resources
[INFO] 
[8mha:////4NeYFZy6FcqGO/ks/7xsFBAwviom9zJvVVw+oOL5letKAAAAYB+LCAAAAAAAAP9b85aBtbiIQSmjNKU4P0+vJLE4u1gvPjexLDVPzxdEGvvmZ+X75Zek2mxOX+vh68DGxMBQUcQgBdWQnJ9XnJ+TqucMoUEKGSCAEaSwAAAn9LoiYAAAAA==[0m[INFO] --- maven-compiler-plugin:3.2:compile (default-compile) @ sampleapp ---
[INFO] Nothing to compile - all classes are up to date
[INFO] 
[8mha:////4NeYFZy6FcqGO/ks/7xsFBAwviom9zJvVVw+oOL5letKAAAAYB+LCAAAAAAAAP9b85aBtbiIQSmjNKU4P0+vJLE4u1gvPjexLDVPzxdEGvvmZ+X75Zek2mxOX+vh68DGxMBQUcQgBdWQnJ9XnJ+TqucMoUEKGSCAEaSwAAAn9LoiYAAAAA==[0m[INFO] --- cobertura-maven-plugin:2.7:instrument (default-cli) @ sampleapp ---
[INFO] ------------------------------------------------------------------------
[INFO] BUILD FAILURE
[INFO] ------------------------------------------------------------------------
[INFO] Total time:  5.251 s
[INFO] Finished at: 2023-02-08T06:26:01Z
[INFO] ------------------------------------------------------------------------
[8mha:////4HqCSUhTMK4wrboZ0ee11D6ZltAcGwARzD0yNgLT8KuxAAAAYB+LCAAAAAAAAP9b85aBtbiIQSmjNKU4P0+vJLE4u1gvPjexLDVPzxdEuhYV5Rf55Zek1m9pfpLfVWLNxMBQUcQgBdWQnJ9XnJ+TqucMoUEKGSCAEaSwAABqVhoSYAAAAA==[0m[ERROR] Failed to execute goal org.codehaus.mojo:cobertura-maven-plugin:2.7:instrument (default-cli) on project sampleapp: Execution default-cli of goal org.codehaus.mojo:cobertura-maven-plugin:2.7:instrument failed: Plugin org.codehaus.mojo:cobertura-maven-plugin:2.7 or one of its dependencies could not be resolved: Could not find artifact com.sun:tools:jar:0 at specified path /usr/lib/jvm/java-11-openjdk-amd64/../lib/tools.jar -> [Help 1]
[8mha:////4HqCSUhTMK4wrboZ0ee11D6ZltAcGwARzD0yNgLT8KuxAAAAYB+LCAAAAAAAAP9b85aBtbiIQSmjNKU4P0+vJLE4u1gvPjexLDVPzxdEuhYV5Rf55Zek1m9pfpLfVWLNxMBQUcQgBdWQnJ9XnJ+TqucMoUEKGSCAEaSwAABqVhoSYAAAAA==[0m[ERROR] 
[8mha:////4HqCSUhTMK4wrboZ0ee11D6ZltAcGwARzD0yNgLT8KuxAAAAYB+LCAAAAAAAAP9b85aBtbiIQSmjNKU4P0+vJLE4u1gvPjexLDVPzxdEuhYV5Rf55Zek1m9pfpLfVWLNxMBQUcQgBdWQnJ9XnJ+TqucMoUEKGSCAEaSwAABqVhoSYAAAAA==[0m[ERROR] To see the full stack trace of the errors, re-run Maven with the -e switch.
[8mha:////4HqCSUhTMK4wrboZ0ee11D6ZltAcGwARzD0yNgLT8KuxAAAAYB+LCAAAAAAAAP9b85aBtbiIQSmjNKU4P0+vJLE4u1gvPjexLDVPzxdEuhYV5Rf55Zek1m9pfpLfVWLNxMBQUcQgBdWQnJ9XnJ+TqucMoUEKGSCAEaSwAABqVhoSYAAAAA==[0m[ERROR] Re-run Maven using the -X switch to enable full debug logging.
[8mha:////4HqCSUhTMK4wrboZ0ee11D6ZltAcGwARzD0yNgLT8KuxAAAAYB+LCAAAAAAAAP9b85aBtbiIQSmjNKU4P0+vJLE4u1gvPjexLDVPzxdEuhYV5Rf55Zek1m9pfpLfVWLNxMBQUcQgBdWQnJ9XnJ+TqucMoUEKGSCAEaSwAABqVhoSYAAAAA==[0m[ERROR] 
[8mha:////4HqCSUhTMK4wrboZ0ee11D6ZltAcGwARzD0yNgLT8KuxAAAAYB+LCAAAAAAAAP9b85aBtbiIQSmjNKU4P0+vJLE4u1gvPjexLDVPzxdEuhYV5Rf55Zek1m9pfpLfVWLNxMBQUcQgBdWQnJ9XnJ+TqucMoUEKGSCAEaSwAABqVhoSYAAAAA==[0m[ERROR] For more information about the errors and possible solutions, please read the following articles:
[8mha:////4HqCSUhTMK4wrboZ0ee11D6ZltAcGwARzD0yNgLT8KuxAAAAYB+LCAAAAAAAAP9b85aBtbiIQSmjNKU4P0+vJLE4u1gvPjexLDVPzxdEuhYV5Rf55Zek1m9pfpLfVWLNxMBQUcQgBdWQnJ9XnJ+TqucMoUEKGSCAEaSwAABqVhoSYAAAAA==[0m[ERROR] [Help 1] http://cwiki.apache.org/confluence/display/MAVEN/PluginResolutionException
Build step 'Invoke top-level Maven targets' marked build as failure
[Cobertura] Publishing Cobertura coverage report...

FATAL: Unable to find coverage results
java.io.IOException: Expecting Ant GLOB pattern, but saw '/target/site/cobertura/coverage.xml'. See https://ant.apache.org/manual/Types/fileset.html for syntax
	at hudson.FilePath.glob(FilePath.java:2162)
	at hudson.FilePath$ListGlob.invoke(FilePath.java:2143)
	at hudson.FilePath$ListGlob.invoke(FilePath.java:2128)
	at hudson.FilePath.act(FilePath.java:1192)
	at hudson.FilePath.act(FilePath.java:1175)
	at hudson.FilePath.list(FilePath.java:2125)
	at hudson.FilePath.list(FilePath.java:2108)
	at hudson.FilePath.list(FilePath.java:2092)
	at hudson.plugins.cobertura.CoberturaPublisher$ParseReportCallable.invoke(CoberturaPublisher.java:894)
	at hudson.plugins.cobertura.CoberturaPublisher$ParseReportCallable.invoke(CoberturaPublisher.java:883)
	at hudson.FilePath.act(FilePath.java:1192)
	at hudson.FilePath.act(FilePath.java:1175)
	at hudson.plugins.cobertura.CoberturaPublisher.perform(CoberturaPublisher.java:550)
	at jenkins.tasks.SimpleBuildStep.perform(SimpleBuildStep.java:123)
	at hudson.tasks.BuildStepCompatibilityLayer.perform(BuildStepCompatibilityLayer.java:80)
	at hudson.tasks.BuildStepMonitor$1.perform(BuildStepMonitor.java:20)
	at hudson.model.AbstractBuild$AbstractBuildExecution.perform(AbstractBuild.java:818)
	at hudson.model.AbstractBuild$AbstractBuildExecution.performAllBuildSteps(AbstractBuild.java:767)
	at hudson.model.Build$BuildExecution.post2(Build.java:179)
	at hudson.model.AbstractBuild$AbstractBuildExecution.post(AbstractBuild.java:711)
	at hudson.model.Run.execute(Run.java:1925)
	at hudson.model.FreeStyleBuild.run(FreeStyleBuild.java:44)
	at hudson.model.ResourceController.execute(ResourceController.java:107)
	at hudson.model.Executor.run(Executor.java:449)
ERROR: Step â€˜Publish Cobertura Coverage Reportâ€™ failed: [Cobertura] Unable to find coverage results
Finished: FAILURE
